<?xml version="1.0" encoding="UTF-8"?>
<!-- Generated by org.testng.reporters.JUnitReportReporter -->
<testsuite hostname="DESKTOP-5UB6L7F" failures="0" tests="3" name="CreateToken" time="8.105" errors="0" timestamp="2024-06-12T13:05:57 IST" skipped="0">
  <testcase classname="CreateToken" name="createBooking" time="2.019"/>
  <testcase classname="CreateToken" name="authToken" time="4.298"/>
  <testcase classname="CreateToken" name="getBooking" time="1.788"/>
</testsuite> <!-- CreateToken -->
